<?xml version="1.0" encoding="UTF-8"?>
<testsuite xmlns:xsi="http://www.w3.org/2001/XMLSchema-instance" xsi:noNamespaceSchemaLocation="https://maven.apache.org/surefire/maven-surefire-plugin/xsd/surefire-test-report.xsd" name="com.movieticket.AppTest" time="0.012" tests="1" errors="1" skipped="0" failures="0">
  <properties>
[...]
</properties>
  <testcase name="shouldAnswerWithTrue" classname="com.movieticket.AppTest" time="0.002">
    <error message="Unresolved compilation problems: &#10;	The type java.lang.Object cannot be resolved. It is indirectly referenced from required .class files&#10;	The type java.lang.String cannot be resolved. It is indirectly referenced from required .class files&#10;	The type java.lang.Class cannot be resolved. It is indirectly referenced from required .class files&#10;	The type java.lang.Throwable cannot be resolved. It is indirectly referenced from required .class files&#10;	Implicit super constructor Object() is undefined for default constructor. Must define an explicit constructor&#10;" type="java.lang.Error"><![CDATA[java.lang.Error: 
Unresolved compilation problems: 
	The type java.lang.Object cannot be resolved. It is indirectly referenced from required .class files
	The type java.lang.String cannot be resolved. It is indirectly referenced from required .class files
	The type java.lang.Class cannot be resolved. It is indirectly referenced from required .class files
	The type java.lang.Throwable cannot be resolved. It is indirectly referenced from required .class files
	Implicit super constructor Object() is undefined for default constructor. Must define an explicit constructor

	at com.movieticket.AppTest.<init>(AppTest.java:1)
]]></error>
  </testcase>
</testsuite>